May-23 16:04:44.294 [main] INFO  com.askimed.nf.test.App - nf-test 0.8.4
May-23 16:04:44.339 [main] INFO  com.askimed.nf.test.App - Arguments: [test, tests/modules/gistic.filter_gistic_calls.nf.test]
May-23 16:04:46.974 [main] INFO  com.askimed.nf.test.App - Nextflow Version: 23.10.1
May-23 16:04:46.977 [main] INFO  com.askimed.nf.test.commands.RunTestsCommand - Load config from file /home/ubuntu/projects/dermatlas_copy_number_nf/nf-test.config...
May-23 16:04:48.101 [main] INFO  com.askimed.nf.test.commands.RunTestsCommand - Detected 1 test files.
May-23 16:04:48.544 [main] WARN  com.askimed.nf.test.config.FileStaging - File '/home/ubuntu/projects/dermatlas_copy_number_nf/bin' not found. Ignore it.
May-23 16:04:48.544 [main] WARN  com.askimed.nf.test.config.FileStaging - File '/home/ubuntu/projects/dermatlas_copy_number_nf/lib' not found. Ignore it.
May-23 16:04:48.546 [main] WARN  com.askimed.nf.test.config.FileStaging - File '/home/ubuntu/projects/dermatlas_copy_number_nf/assets' not found. Ignore it.
May-23 16:04:48.546 [main] DEBUG com.askimed.nf.test.core.AbstractTest - Stage 0 user provided files...
May-23 16:04:48.560 [main] INFO  com.askimed.nf.test.core.TestExecutionEngine - Started test plan
May-23 16:04:48.561 [main] INFO  com.askimed.nf.test.core.TestExecutionEngine - Running testsuite 'Test Process FILTER_GISTIC_CALLS' from file '/home/ubuntu/projects/dermatlas_copy_number_nf/tests/modules/gistic.filter_gistic_calls.nf.test'.
May-23 16:04:48.562 [main] INFO  com.askimed.nf.test.core.TestExecutionEngine - Run test '444851d1: Should run without failures'. type: com.askimed.nf.test.lang.process.ProcessTest
May-23 16:05:28.621 [main] INFO  com.askimed.nf.test.core.TestExecutionEngine - Test '444851d1: Should run without failures' finished. status: FAILED
org.codehaus.groovy.runtime.powerassert.PowerAssertionError: assert process.success
       |       |
       |       false
       FILTER_GISTIC_CALLS
	at org.codehaus.groovy.runtime.InvokerHelper.assertFailed(InvokerHelper.java:432)
	at org.codehaus.groovy.runtime.ScriptBytecodeAdapter.assertFailed(ScriptBytecodeAdapter.java:670)
	at gistic_filter_gistic_calls_nf$_run_closure1$_closure2$_closure4.doCall(gistic.filter_gistic_calls.nf.test:25)
	at gistic_filter_gistic_calls_nf$_run_closure1$_closure2$_closure4.doCall(gistic.filter_gistic_calls.nf.test)
	at java.base/jdk.internal.reflect.NativeMethodAccessorImpl.invoke0(Native Method)
	at java.base/jdk.internal.reflect.NativeMethodAccessorImpl.invoke(NativeMethodAccessorImpl.java:62)
	at java.base/jdk.internal.reflect.DelegatingMethodAccessorImpl.invoke(DelegatingMethodAccessorImpl.java:43)
	at java.base/java.lang.reflect.Method.invoke(Method.java:566)
	at org.codehaus.groovy.reflection.CachedMethod.invoke(CachedMethod.java:107)
	at groovy.lang.MetaMethod.doMethodInvoke(MetaMethod.java:323)
	at org.codehaus.groovy.runtime.metaclass.ClosureMetaClass.invokeMethod(ClosureMetaClass.java:274)
	at groovy.lang.MetaClassImpl.invokeMethod(MetaClassImpl.java:1030)
	at groovy.lang.Closure.call(Closure.java:427)
	at groovy.lang.Closure.call(Closure.java:406)
	at com.askimed.nf.test.lang.TestCode.execute(TestCode.java:16)
	at com.askimed.nf.test.lang.process.ProcessTest.execute(ProcessTest.java:169)
	at com.askimed.nf.test.core.TestExecutionEngine.execute(TestExecutionEngine.java:214)
	at com.askimed.nf.test.commands.RunTestsCommand.execute(RunTestsCommand.java:184)
	at com.askimed.nf.test.commands.AbstractCommand.call(AbstractCommand.java:43)
	at com.askimed.nf.test.commands.AbstractCommand.call(AbstractCommand.java:18)
	at picocli.CommandLine.executeUserObject(CommandLine.java:1953)
	at picocli.CommandLine.access$1300(CommandLine.java:145)
	at picocli.CommandLine$RunLast.executeUserObjectOfLastSubcommandWithSameParent(CommandLine.java:2352)
	at picocli.CommandLine$RunLast.handle(CommandLine.java:2346)
	at picocli.CommandLine$RunLast.handle(CommandLine.java:2311)
	at picocli.CommandLine$AbstractParseResultHandler.execute(CommandLine.java:2179)
	at picocli.CommandLine.execute(CommandLine.java:2078)
	at com.askimed.nf.test.App.run(App.java:44)
	at com.askimed.nf.test.App.main(App.java:51)
May-23 16:05:28.646 [main] INFO  com.askimed.nf.test.core.TestExecutionEngine - Testsuite 'Test Process FILTER_GISTIC_CALLS' finished. snapshot file: false, skipped tests: false, failed tests: true
May-23 16:05:28.646 [main] INFO  com.askimed.nf.test.core.TestExecutionEngine - Executed 1 tests. 1 tests failed. Done!
